
Doc 12364441583994 não existe, NIF=500184410, CF=0
Encomenda 12364441583994 - Inserir CAB ENCCL 112425/806
*** Linha 3 Inserida: 0150.45010SBM
*** Linha 4 Inserida: 9999
*** Linha 5 Inserida: 9999
*** Linha 6 Inserida: 0150.43930TBM
*** Linha 6 Inserida (Portes): 9191.TORP
Doc 12365110313338 não existe, NIF=225471850, CF=0
Encomenda 12365110313338 - Inserir CAB ENCCL 112425/807
*** Linha 3 Inserida: 0573.OT9094
*** Linha 3 Inserida (Portes): 9191.TORP
Doc 12366592442746 não existe, NIF=CONSUMIDOR FINAL, CF=1
Encomenda 12366592442746 - Inserir CAB ENCCL 112425/808
*** Linha 3 Inserida: 0160.98525
*** Linha 3 Inserida (Portes): 9191.CTTNP
Doc 12366887747962 não existe, NIF=CONSUMIDOR FINAL, CF=1
Encomenda 12366887747962 - Inserir CAB ENCCL 112425/809
*** Linha 3 Inserida: 0460.089702
*** Linha 3 Inserida (Portes): 9191.CTTNP
Doc 12365242827130 não existe, NIF=508762413, CF=0
Encomenda 12365242827130 - Inserir CAB ENCCL 112425/810
*** Linha 3 Inserida: 0403.LS982WW
*** Linha 4 Inserida: 0403.LS981WW
*** Linha 4 Inserida (Portes): 9191.TORP